<?xml version="1.0" encoding="UTF-8"?>
<testng-results ignored="0" total="1" passed="1" failed="0" skipped="0">
  <reporter-output>
  </reporter-output>
  <suite started-at="2022-02-25T16:12:42 CST" name="Default suite" finished-at="2022-02-25T16:13:32 CST" duration-ms="50414">
    <groups>
    </groups>
    <test started-at="2022-02-25T16:12:42 CST" name="Default test" finished-at="2022-02-25T16:13:32 CST" duration-ms="50414">
      <class name="test.Test_8_Increase_Quantity">
        <test-method is-config="true" signature="setUp()[pri:0, instance:test.Test_8_Increase_Quantity@4a83a74a]" started-at="2022-02-25T16:12:42 CST" name="setUp" finished-at="2022-02-25T16:12:45 CST" duration-ms="2752" status="PASS">
          <reporter-output>
          </reporter-output>
        </test-method> <!-- setUp -->
        <test-method signature="IncreaseQntyTest()[pri:0, instance:test.Test_8_Increase_Quantity@4a83a74a]" started-at="2022-02-25T16:12:45 CST" name="IncreaseQntyTest" finished-at="2022-02-25T16:13:32 CST" duration-ms="47623" status="PASS">
          <reporter-output>
          </reporter-output>
        </test-method> <!-- IncreaseQntyTest -->
        <test-method is-config="true" signature="tearDown()[pri:0, instance:test.Test_8_Increase_Quantity@4a83a74a]" started-at="2022-02-25T16:13:32 CST" name="tearDown" finished-at="2022-02-25T16:13:32 CST" duration-ms="1" status="PASS">
          <reporter-output>
          </reporter-output>
        </test-method> <!-- tearDown -->
      </class> <!-- test.Test_8_Increase_Quantity -->
    </test> <!-- Default test -->
  </suite> <!-- Default suite -->
</testng-results>
